<?xml version="1.0" encoding="UTF-8"?>
<testsuite xmlns:xsi="http://www.w3.org/2001/XMLSchema-instance" xsi:noNamespaceSchemaLocation="https://maven.apache.org/surefire/maven-surefire-plugin/xsd/surefire-test-report-3.0.xsd" version="3.0" name="com.testingspock.AddSpec" time="1.205" tests="1" errors="0" skipped="0" failures="1">
  <properties>
[...]
</properties>
  <testcase name="Add Two Number" classname="com.testingspock.AddSpec" time="1.16">
    <failure type="org.spockframework.runtime.SpockComparisonFailure"><![CDATA[org.spockframework.runtime.SpockComparisonFailure: 
Condition not satisfied:

add.addTwoNumber(3,5) == 7
|   |                 |
|   8                 false
<com.testingspock.Add@7d7758be>

	at com.testingspock.AddSpec.Add Two Number(AddSpec.groovy:11)
]]></failure>
  </testcase>
</testsuite>